CRITICAL - 2024-07-07 05:38:14 --> Config\App::$baseURL is invalid.
in SYSTEMPATH/HTTP/SiteURI.php on line 199.
 1 SYSTEMPATH/HTTP/SiteURI.php(145): CodeIgniter\HTTP\SiteURI->normalizeBaseURL()
 2 SYSTEMPATH/HTTP/SiteURI.php(100): CodeIgniter\HTTP\SiteURI->determineBaseURL()
 3 SYSTEMPATH/HTTP/SiteURIFactory.php(224): CodeIgniter\HTTP\SiteURI->__construct()
 4 SYSTEMPATH/HTTP/SiteURIFactory.php(45): CodeIgniter\HTTP\SiteURIFactory->createURIFromRoutePath()
 5 SYSTEMPATH/Config/Services.php(799): CodeIgniter\HTTP\SiteURIFactory->createFromGlobals()
 6 SYSTEMPATH/Config/BaseService.php(258): CodeIgniter\Config\Services::uri()
 7 SYSTEMPATH/Config/BaseService.php(199): CodeIgniter\Config\BaseService::__callStatic()
 8 SYSTEMPATH/Config/Services.php(792): CodeIgniter\Config\BaseService::getSharedInstance()
 9 SYSTEMPATH/Config/BaseService.php(258): CodeIgniter\Config\Services::uri()
10 SYSTEMPATH/Config/Services.php(566): CodeIgniter\Config\BaseService::__callStatic()
11 SYSTEMPATH/Config/BaseService.php(258): CodeIgniter\Config\Services::incomingrequest()
12 SYSTEMPATH/Config/Services.php(524): CodeIgniter\Config\BaseService::__callStatic()
13 SYSTEMPATH/Config/BaseService.php(258): CodeIgniter\Config\Services::request()
14 SYSTEMPATH/Config/BaseService.php(199): CodeIgniter\Config\BaseService::__callStatic()
15 SYSTEMPATH/Config/Services.php(559): CodeIgniter\Config\BaseService::getSharedInstance()
16 SYSTEMPATH/Config/BaseService.php(258): CodeIgniter\Config\Services::incomingrequest()
17 SYSTEMPATH/Config/Services.php(539): CodeIgniter\Config\BaseService::__callStatic()
18 SYSTEMPATH/Config/BaseService.php(258): CodeIgniter\Config\Services::createRequest()
19 SYSTEMPATH/CodeIgniter.php(655): CodeIgniter\Config\BaseService::__callStatic()
20 SYSTEMPATH/CodeIgniter.php(355): CodeIgniter\CodeIgniter->getRequestObject()
21 FCPATH/index.php(79): CodeIgniter\CodeIgniter->run()
22 SYSTEMPATH/Commands/Server/rewrite.php(47): require_once('/media/com/New Volume/Projects/GitHub Upload/BackEnd/CodeIgniter4/CodeIgniter4/public/index.php')
CRITICAL - 2024-07-07 05:38:14 --> Uncaught CodeIgniter\Exceptions\ConfigException: Config\App::$baseURL is invalid. in /media/com/New Volume/Projects/GitHub Upload/BackEnd/CodeIgniter4/CodeIgniter4/system/HTTP/SiteURI.php:199
Stack trace:
#0 /media/com/New Volume/Projects/GitHub Upload/BackEnd/CodeIgniter4/CodeIgniter4/system/HTTP/SiteURI.php(145): CodeIgniter\HTTP\SiteURI->normalizeBaseURL()
#1 /media/com/New Volume/Projects/GitHub Upload/BackEnd/CodeIgniter4/CodeIgniter4/system/HTTP/SiteURI.php(100): CodeIgniter\HTTP\SiteURI->determineBaseURL()
#2 /media/com/New Volume/Projects/GitHub Upload/BackEnd/CodeIgniter4/CodeIgniter4/system/HTTP/SiteURIFactory.php(224): CodeIgniter\HTTP\SiteURI->__construct()
#3 /media/com/New Volume/Projects/GitHub Upload/BackEnd/CodeIgniter4/CodeIgniter4/system/HTTP/SiteURIFactory.php(45): CodeIgniter\HTTP\SiteURIFactory->createURIFromRoutePath()
#4 /media/com/New Volume/Projects/GitHub Upload/BackEnd/CodeIgniter4/CodeIgniter4/system/Config/Services.php(799): CodeIgniter\HTTP\SiteURIFactory->createFromGlobals()
#5 /media/com/New Volume/Projects/GitHub Upload/BackEnd/CodeIgniter4/CodeIgniter4/system/Config/BaseService.php(258): CodeIgniter\Config\Services::uri()
#6 /media/com/New Volume/Projects/GitHub Upload/BackEnd/CodeIgniter4/CodeIgniter4/system/Config/BaseService.php(199): CodeIgniter\Config\BaseService::__callStatic()
#7 /media/com/New Volume/Projects/GitHub Upload/BackEnd/CodeIgniter4/CodeIgniter4/system/Config/Services.php(792): CodeIgniter\Config\BaseService::getSharedInstance()
#8 /media/com/New Volume/Projects/GitHub Upload/BackEnd/CodeIgniter4/CodeIgniter4/system/Config/BaseService.php(258): CodeIgniter\Config\Services::uri()
#9 /media/com/New Volume/Projects/GitHub Upload/BackEnd/CodeIgniter4/CodeIgniter4/system/Config/Services.php(566): CodeIgniter\Config\BaseService::__callStatic()
#10 /media/com/New Volume/Projects/GitHub Upload/BackEnd/CodeIgniter4/CodeIgniter4/system/Config/BaseService.php(258): CodeIgniter\Config\Services::incomingrequest()
#11 /media/com/New Volume/Projects/GitHub Upload/BackEnd/CodeIgniter4/CodeIgniter4/system/Config/Services.php(524): CodeIgniter\Config\BaseService::__callStatic()
#12 /media/com/New Volume/Projects/GitHub Upload/BackEnd/CodeIgniter4/CodeIgniter4/system/Config/BaseService.php(258): CodeIgniter\Config\Services::request()
#13 /media/com/New Volume/Projects/GitHub Upload/BackEnd/CodeIgniter4/CodeIgniter4/system/Config/BaseService.php(199): CodeIgniter\Config\BaseService::__callStatic()
#14 /media/com/New Volume/Projects/GitHub Upload/BackEnd/CodeIgniter4/CodeIgniter4/system/Config/Services.php(520): CodeIgniter\Config\BaseService::getSharedInstance()
#15 /media/com/New Volume/Projects/GitHub Upload/BackEnd/CodeIgniter4/CodeIgniter4/system/Config/BaseService.php(258): CodeIgniter\Config\Services::request()
#16 /media/com/New Volume/Projects/GitHub Upload/BackEnd/CodeIgniter4/CodeIgniter4/system/Debug/Exceptions.php(137): CodeIgniter\Config\BaseService::__callStatic()
#17 [internal function]: CodeIgniter\Debug\Exceptions->exceptionHandler()
#18 {main}
  thrown
ã€Previous Exceptionã€‘
CodeIgniter\Exceptions\ConfigException
Config\App::$baseURL is invalid.
#0 /media/com/New Volume/Projects/GitHub Upload/BackEnd/CodeIgniter4/CodeIgniter4/system/HTTP/SiteURI.php(145): CodeIgniter\HTTP\SiteURI->normalizeBaseURL()
#1 /media/com/New Volume/Projects/GitHub Upload/BackEnd/CodeIgniter4/CodeIgniter4/system/HTTP/SiteURI.php(100): CodeIgniter\HTTP\SiteURI->determineBaseURL()
#2 /media/com/New Volume/Projects/GitHub Upload/BackEnd/CodeIgniter4/CodeIgniter4/system/HTTP/SiteURIFactory.php(224): CodeIgniter\HTTP\SiteURI->__construct()
#3 /media/com/New Volume/Projects/GitHub Upload/BackEnd/CodeIgniter4/CodeIgniter4/system/HTTP/SiteURIFactory.php(45): CodeIgniter\HTTP\SiteURIFactory->createURIFromRoutePath()
#4 /media/com/New Volume/Projects/GitHub Upload/BackEnd/CodeIgniter4/CodeIgniter4/system/Config/Services.php(799): CodeIgniter\HTTP\SiteURIFactory->createFromGlobals()
#5 /media/com/New Volume/Projects/GitHub Upload/BackEnd/CodeIgniter4/CodeIgniter4/system/Config/BaseService.php(258): CodeIgniter\Config\Services::uri()
#6 /media/com/New Volume/Projects/GitHub Upload/BackEnd/CodeIgniter4/CodeIgniter4/system/Config/BaseService.php(199): CodeIgniter\Config\BaseService::__callStatic()
#7 /media/com/New Volume/Projects/GitHub Upload/BackEnd/CodeIgniter4/CodeIgniter4/system/Config/Services.php(792): CodeIgniter\Config\BaseService::getSharedInstance()
#8 /media/com/New Volume/Projects/GitHub Upload/BackEnd/CodeIgniter4/CodeIgniter4/system/Config/BaseService.php(258): CodeIgniter\Config\Services::uri()
#9 /media/com/New Volume/Projects/GitHub Upload/BackEnd/CodeIgniter4/CodeIgniter4/system/Config/Services.php(566): CodeIgniter\Config\BaseService::__callStatic()
#10 /media/com/New Volume/Projects/GitHub Upload/BackEnd/CodeIgniter4/CodeIgniter4/system/Config/BaseService.php(258): CodeIgniter\Config\Services::incomingrequest()
#11 /media/com/New Volume/Projects/GitHub Upload/BackEnd/CodeIgniter4/CodeIgniter4/system/Config/Services.php(524): CodeIgniter\Config\BaseService::__callStatic()
#12 /media/com/New Volume/Projects/GitHub Upload/BackEnd/CodeIgniter4/CodeIgniter4/system/Config/BaseService.php(258): CodeIgniter\Config\Services::request()
#13 /media/com/New Volume/Projects/GitHub Upload/BackEnd/CodeIgniter4/CodeIgniter4/system/Config/BaseService.php(199): CodeIgniter\Config\BaseService::__callStatic()
#14 /media/com/New Volume/Projects/GitHub Upload/BackEnd/CodeIgniter4/CodeIgniter4/system/Config/Services.php(559): CodeIgniter\Config\BaseService::getSharedInstance()
#15 /media/com/New Volume/Projects/GitHub Upload/BackEnd/CodeIgniter4/CodeIgniter4/system/Config/BaseService.php(258): CodeIgniter\Config\Services::incomingrequest()
#16 /media/com/New Volume/Projects/GitHub Upload/BackEnd/CodeIgniter4/CodeIgniter4/system/Config/Services.php(539): CodeIgniter\Config\BaseService::__callStatic()
#17 /media/com/New Volume/Projects/GitHub Upload/BackEnd/CodeIgniter4/CodeIgniter4/system/Config/BaseService.php(258): CodeIgniter\Config\Services::createRequest()
#18 /media/com/New Volume/Projects/GitHub Upload/BackEnd/CodeIgniter4/CodeIgniter4/system/CodeIgniter.php(655): CodeIgniter\Config\BaseService::__callStatic()
#19 /media/com/New Volume/Projects/GitHub Upload/BackEnd/CodeIgniter4/CodeIgniter4/system/CodeIgniter.php(355): CodeIgniter\CodeIgniter->getRequestObject()
#20 /media/com/New Volume/Projects/GitHub Upload/BackEnd/CodeIgniter4/CodeIgniter4/public/index.php(79): CodeIgniter\CodeIgniter->run()
#21 /media/com/New Volume/Projects/GitHub Upload/BackEnd/CodeIgniter4/CodeIgniter4/system/Commands/Server/rewrite.php(47): require_once('...')
#22 {main}
in SYSTEMPATH/HTTP/SiteURI.php on line 199.
 1 [internal function]: CodeIgniter\Debug\Exceptions->shutdownHandler()
CRITICAL - 2024-07-07 05:42:50 --> Undefined constant "CodeIgniter\Database\MySQLi\MYSQLI_STORE_RESULT"
in SYSTEMPATH/Database/Database.php on line 137.
 1 SYSTEMPATH/Database/Database.php(55): CodeIgniter\Database\Database->initDriver()
 2 SYSTEMPATH/Database/Config.php(83): CodeIgniter\Database\Database->load()
 3 SYSTEMPATH/Commands/Database/CreateDatabase.php(149): CodeIgniter\Database\Config::connect()
 4 SYSTEMPATH/CLI/Commands.php(65): CodeIgniter\Commands\Database\CreateDatabase->run()
 5 SYSTEMPATH/CLI/Console.php(46): CodeIgniter\CLI\Commands->run()
 6 ROOTPATH/spark(102): CodeIgniter\CLI\Console->run()
